2025-10-25 03:19:47 | INFO | Expense added successfully
2025-10-25 03:19:47 | ERROR | Failed to read DB
2025-10-25 03:26:17 | INFO | weekly_category chart generated at static\charts\weekly_category_pie.png
2025-10-25 03:26:17 | INFO | monthly_category chart generated at static\charts\monthly_category_pie.png
2025-10-25 03:26:17 | INFO | timeseries_30d chart generated at static\charts\timeseries_30d.png
2025-10-25 03:31:24,147 | INFO | Expense added: ₹250 to food
2025-10-25 03:31:34,140 | ERROR | Failed to read DB
2025-10-25 03:39:31,094 | INFO | Expense added: ₹250 to food
2025-10-25 03:39:31,105 | INFO | Expense added: ₹100 to transport
2025-10-25 03:39:31,800 | INFO | weekly_category chart generated at static\charts\weekly_category_pie.png
2025-10-25 03:39:31,800 | INFO | monthly_category chart generated at static\charts\monthly_category_pie.png
2025-10-25 03:39:31,800 | INFO | timeseries_30d chart generated at static\charts\timeseries_30d.png
2025-10-25 09:55:00 [INFO] voice_finance_tracker: Database schema ensured.
2025-10-25 09:55:45 [INFO] voice_finance_tracker: Inserted expense 1 -> {'amount': 200, 'category': 'savings', 'description': None, 'payment_method': None, 'date': '2025-10-25', 'time': '09:55:45'}
2025-10-25 09:55:58 [INFO] voice_finance_tracker: Inserted expense 2 -> {'amount': 600, 'category': 'entertainment', 'description': None, 'payment_method': None, 'date': '2025-10-25', 'time': '09:55:58'}
2025-10-25 09:56:12 [INFO] voice_finance_tracker: Inserted expense 3 -> {'amount': 402, 'category': 'uncategorized', 'description': None, 'payment_method': None, 'date': '2025-10-25', 'time': '09:56:12'}
2025-10-25 09:56:24 [INFO] voice_finance_tracker: Inserted expense 4 -> {'amount': 400, 'category': 'food', 'description': None, 'payment_method': None, 'date': '2025-10-25', 'time': '09:56:24'}
2025-10-25 09:57:34 [INFO] voice_finance_tracker: Inserted expense 5 -> {'amount': 100.0, 'category': 'food', 'description': None, 'payment_method': None, 'date': '2025-10-25', 'time': '09:57:34'}
2025-10-25 09:57:35 [INFO] voice_finance_tracker: Expense added via API (id=5)
<<<<<<< Updated upstream
2025-10-31 18:38:15 [INFO] voice_finance_tracker: Database schema ensured.
2025-10-31 18:38:27 [INFO] voice_finance_tracker: Inserted expense 6 -> {'amount': 400, 'category': 'food', 'description': None, 'payment_method': None, 'date': '2025-10-31', 'time': '18:38:27'}
2025-10-31 18:38:40 [INFO] voice_finance_tracker: Inserted expense 7 -> {'amount': 600, 'category': 'entertainment', 'description': None, 'payment_method': None, 'date': '2025-10-31', 'time': '18:38:40'}
2025-11-03 10:48:04 [INFO] voice_finance_tracker: Database schema ensured.
2025-11-03 10:48:15 [INFO] voice_finance_tracker: Inserted expense 8 -> {'amount': 400, 'category': 'food', 'description': None, 'payment_method': None, 'date': '2025-11-03', 'time': '10:48:15'}
2025-11-03 10:48:30 [INFO] voice_finance_tracker: Inserted expense 9 -> {'amount': 600, 'category': 'uncategorized', 'description': None, 'payment_method': None, 'date': '2025-11-03', 'time': '10:48:30'}
2025-11-03 20:07:43 [INFO] voice_finance_tracker: Database schema ensured.
2025-11-03 20:07:43 [INFO] voice_finance_tracker: Inserted expense 1 -> {'amount': 75.0, 'category': 'tests', 'description': None, 'payment_method': None, 'date': '2025-11-03', 'time': '20:07:43'}
2025-11-03 20:07:44 [INFO] voice_finance_tracker: Expense added via API (id=1)
2025-11-03 20:07:44 [INFO] voice_finance_tracker: Charts regenerated manually.
2025-11-03 20:07:44 [INFO] voice_finance_tracker: Database schema ensured.
2025-11-03 20:07:44 [INFO] voice_finance_tracker: Inserted expense 1 -> {'amount': 100, 'category': 'food', 'description': 'lunch', 'payment_method': 'cash', 'date': '2025-11-03', 'time': '20:07:44'}
2025-11-03 20:07:44 [INFO] voice_finance_tracker: Inserted expense 2 -> {'amount': 250.5, 'category': 'travel', 'description': 'cab', 'payment_method': None, 'date': '2025-11-03', 'time': '20:07:44'}
2025-11-03 20:07:44 [INFO] voice_finance_tracker: Inserted expense 3 -> {'amount': 50, 'category': 'food', 'description': 'snack', 'payment_method': None, 'date': '2025-11-03', 'time': '20:07:44'}
2025-11-03 20:07:44 [INFO] voice_finance_tracker: Update expense id=1 -> True
2025-11-03 20:07:44 [INFO] voice_finance_tracker: Deleted last expense id=3
2025-11-03 20:07:44 [INFO] voice_finance_tracker: Database schema ensured.
2025-11-03 20:07:44 [INFO] voice_finance_tracker: Inserted expense 1 -> {'amount': 100, 'category': 'food', 'description': None, 'payment_method': None, 'date': '2025-11-03', 'time': '20:07:44'}
2025-11-03 20:07:44 [INFO] voice_finance_tracker: Inserted expense 2 -> {'amount': 60, 'category': 'transport', 'description': None, 'payment_method': None, 'date': '2025-11-03', 'time': '20:07:44'}
2025-11-03 20:07:44 [INFO] voice_finance_tracker: Inserted expense 3 -> {'amount': 140, 'category': 'food', 'description': None, 'payment_method': None, 'date': '2025-11-03', 'time': '20:07:44'}
2025-11-03 20:07:44 [INFO] voice_finance_tracker: Database schema ensured.
2025-11-03 20:07:44 [INFO] voice_finance_tracker: Database schema ensured.
2025-11-04 00:32:59 [INFO] voice_finance_tracker: Database schema ensured.
2025-11-04 00:33:11 [INFO] voice_finance_tracker: Inserted expense 10 -> {'amount': 120, 'category': 'uncategorized', 'description': None, 'payment_method': None, 'date': '2025-11-04', 'time': '00:33:11'}
2025-11-04 00:33:24 [INFO] voice_finance_tracker: Inserted expense 11 -> {'amount': 120, 'category': 'food', 'description': None, 'payment_method': None, 'date': '2025-11-04', 'time': '00:33:24'}
2025-11-04 00:33:37 [INFO] voice_finance_tracker: Inserted expense 12 -> {'amount': 200, 'category': 'transport', 'description': None, 'payment_method': None, 'date': '2025-11-04', 'time': '00:33:37'}
2025-11-04 00:33:50 [INFO] voice_finance_tracker: Inserted expense 13 -> {'amount': 50, 'category': 'food', 'description': None, 'payment_method': None, 'date': '2025-11-04', 'time': '00:33:50'}
2025-11-04 00:34:02 [INFO] voice_finance_tracker: Inserted expense 14 -> {'amount': 300, 'category': 'food', 'description': None, 'payment_method': None, 'date': '2025-11-04', 'time': '00:34:02'}
2025-11-04 00:35:10 [INFO] voice_finance_tracker: Deleted last expense id=14
2025-11-05 12:42:58 [INFO] voice_finance_tracker: Set budget for tests: limit=1234 warn_at=0.8
2025-11-05 12:42:58 [INFO] voice_finance_tracker: Removed budget for tests
2025-11-05 13:00:57 [INFO] voice_finance_tracker: Set budget for tests: limit=1234 warn_at=0.8
2025-11-05 13:00:57 [INFO] voice_finance_tracker: Removed budget for tests
2025-11-06 01:47:22 [INFO] voice_finance_tracker: Database schema ensured.
2025-11-06 01:47:33 [INFO] voice_finance_tracker: Inserted expense 15 -> {'amount': 420, 'category': 'food', 'description': None, 'payment_method': None, 'date': '2025-11-06', 'time': '01:47:33'}
2025-11-06 01:47:46 [INFO] voice_finance_tracker: Inserted expense 16 -> {'amount': 400, 'category': 'food', 'description': None, 'payment_method': None, 'date': '2025-11-06', 'time': '01:47:46'}
2025-11-06 01:47:58 [INFO] voice_finance_tracker: Inserted expense 17 -> {'amount': 100, 'category': 'food', 'description': None, 'payment_method': None, 'date': '2025-11-06', 'time': '01:47:58'}
2025-11-06 01:57:49 [INFO] voice_finance_tracker: Database schema ensured.
2025-11-06 01:58:00 [INFO] voice_finance_tracker: Inserted expense 18 -> {'amount': 5000, 'category': 'food', 'description': None, 'payment_method': None, 'date': '2025-11-06', 'time': '01:58:00'}
2025-11-06 01:58:51 [INFO] voice_finance_tracker: Inserted expense 19 -> {'amount': 10000.0, 'category': 'food', 'description': None, 'payment_method': None, 'date': '2025-11-06', 'time': '01:58:51'}
2025-11-06 02:02:44 [INFO] voice_finance_tracker: Database schema ensured.
2025-11-06 02:03:05 [INFO] voice_finance_tracker: Deleted last expense id=19
2025-11-06 02:03:56 [INFO] voice_finance_tracker: Inserted expense 20 -> {'amount': 1000, 'category': 'food', 'description': None, 'payment_method': None, 'date': '2025-11-06', 'time': '02:03:56'}
2025-11-06 02:04:08 [INFO] voice_finance_tracker: Inserted expense 21 -> {'amount': 4000, 'category': 'food', 'description': None, 'payment_method': None, 'date': '2025-11-06', 'time': '02:04:08'}
2025-11-06 09:33:35 [INFO] voice_finance_tracker: Database schema ensured.
2025-11-06 09:34:48 [INFO] voice_finance_tracker: Inserted expense 1 -> {'amount': 3000.0, 'category': 'entertainment', 'description': None, 'payment_method': None, 'date': '2025-11-06', 'time': '09:34:48'}
2025-11-06 21:35:24 [INFO] voice_finance_tracker: Database schema ensured.
2025-11-06 21:36:21 [INFO] voice_finance_tracker: Database schema ensured.
=======
2025-11-02 21:21:18 [ERROR] voice_finance_tracker: Failed to fetch recent expenses: no such column: description
2025-11-02 21:26:59 [ERROR] voice_finance_tracker: Failed to fetch recent expenses: no such column: description
2025-11-02 21:31:17 [ERROR] voice_finance_tracker: Failed to fetch recent expenses: no such column: description
2025-11-02 21:32:16 [ERROR] voice_finance_tracker: Failed to fetch recent expenses: no such column: description
2025-11-03 01:09:23 [INFO] voice_finance_tracker: Database schema ensured.
2025-11-03 01:09:47 [INFO] voice_finance_tracker: Inserted expense 1 -> {'amount': 400, 'category': 'uncategorized', 'description': None, 'payment_method': None, 'date': '2025-11-03', 'time': '01:09:47'}
2025-11-03 01:09:54 [INFO] voice_finance_tracker: Inserted expense 2 -> {'amount': 400, 'category': 'uncategorized', 'description': None, 'payment_method': None, 'date': '2025-11-03', 'time': '01:09:54'}
2025-11-03 01:10:01 [INFO] voice_finance_tracker: Inserted expense 3 -> {'amount': 500, 'category': 'uncategorized', 'description': None, 'payment_method': None, 'date': '2025-11-03', 'time': '01:10:01'}
2025-11-03 01:11:48 [INFO] voice_finance_tracker: Database schema ensured.
2025-11-03 01:12:44 [INFO] voice_finance_tracker: Database schema ensured.
2025-11-03 01:13:40 [INFO] voice_finance_tracker: Database schema ensured.
2025-11-03 01:14:34 [INFO] voice_finance_tracker: Database schema ensured.
2025-11-03 01:15:59 [INFO] voice_finance_tracker: Database schema ensured.
2025-11-03 01:16:47 [INFO] voice_finance_tracker: Database schema ensured.
2025-11-03 01:20:43 [INFO] voice_finance_tracker: Database schema ensured.
2025-11-03 19:55:53 [INFO] voice_finance_tracker: Database schema ensured.
2025-11-03 19:56:05 [INFO] voice_finance_tracker: Inserted expense 4 -> {'amount': 200, 'category': 'food', 'description': None, 'payment_method': None, 'date': '2025-11-03', 'time': '19:56:05'}
2025-11-04 00:47:56 [INFO] voice_finance_tracker: Database schema ensured.
2025-11-04 01:09:45 [INFO] voice_finance_tracker: Database schema ensured.
>>>>>>> Stashed changes
